2021-04-16 00:58:00,592 - __main__ - INFO - ######################################
2021-04-16 00:58:00,593 - __main__ - INFO -              INITIALISING             
2021-04-16 00:58:00,594 - __main__ - INFO - ######################################
2021-04-16 00:58:55,535 - __main__ - INFO - ######################################
2021-04-16 00:58:55,536 - __main__ - INFO -              INITIALISING             
2021-04-16 00:58:55,537 - __main__ - INFO - ######################################
2021-04-16 01:02:26,816 - __main__ - INFO - ######################################
2021-04-16 01:02:26,818 - __main__ - INFO -              INITIALISING             
2021-04-16 01:02:26,818 - __main__ - INFO - ######################################
2021-04-16 01:02:31,204 - __main__ - INFO - 
+-+-+-+-+-+-+Starting PQCentral files Processing

2021-04-16 01:02:40,384 - __main__ - INFO - Getting list of files from given S3 location
2021-04-16 01:05:09,734 - __main__ - INFO - ######################################
2021-04-16 01:05:09,736 - __main__ - INFO -              INITIALISING             
2021-04-16 01:05:09,737 - __main__ - INFO - ######################################
2021-04-16 01:05:14,070 - __main__ - INFO - 
+-+-+-+-+-+-+Starting PQCentral files Processing

2021-04-16 01:05:18,531 - __main__ - INFO - Getting list of files from given S3 location
2021-04-16 01:06:28,244 - __main__ - INFO - ######################################
2021-04-16 01:06:28,246 - __main__ - INFO -              INITIALISING             
2021-04-16 01:06:28,247 - __main__ - INFO - ######################################
2021-04-16 01:06:32,507 - __main__ - INFO - 
+-+-+-+-+-+-+Starting PQCentral files Processing

2021-04-16 01:06:32,508 - __main__ - INFO - Getting list of files from given S3 location
2021-04-16 01:23:02,646 - __main__ - INFO - ######################################
2021-04-16 01:23:02,648 - __main__ - INFO -              INITIALISING             
2021-04-16 01:23:02,649 - __main__ - INFO - ######################################
2021-04-16 01:23:12,980 - __main__ - INFO - 
+-+-+-+-+-+-+Starting PQCentral files Processing

2021-04-16 01:23:12,981 - __main__ - INFO - Getting list of files from given S3 location
2021-04-16 01:23:24,854 - __main__ - INFO - 
+-+-+-+-+-+-+
2021-04-16 01:23:24,855 - __main__ - INFO - APR/SUB/2018-Q1_133.xlsx
2021-04-16 01:23:24,855 - __main__ - INFO - 
+-+-+-+-+-+-+
2021-04-16 01:23:43,726 - __main__ - INFO - Processing sheet: Taylor & Francis Q1
2021-04-16 01:23:43,726 - __main__ - INFO - 
+-+-+-+-+-+-+Starting Processing PROQUEST-EBRARY-SUB files

2021-04-16 01:23:43,726 - __main__ - INFO - Executing load_data()
2021-04-16 01:23:58,728 - __main__ - INFO - Input Dataframe size in memory : 12326.470703125 kB
2021-04-16 01:23:58,729 - __main__ - INFO - Exiting load_data(), Time taken to load : 15.00149416923523 seconds
2021-04-16 01:23:58,729 - __main__ - INFO - Get the corresponding rules object for PROQUEST-EBRARY-SUB
2021-04-16 01:23:58,735 - __main__ - INFO - 
+-+-+-+-+-+-+Renaming Column Start 

2021-04-16 01:23:58,777 - __main__ - INFO - 
+-+-+-+-+-+-+Renaming Column ends 

2021-04-16 01:23:58,778 - __main__ - INFO - Getting and mapping relevant attributes
2021-04-16 01:23:58,802 - __main__ - INFO - Relevant attributes mapped
2021-04-16 01:23:58,803 - __main__ - INFO - 
+-+-+-+-+-+-+Renaming Column Start 

2021-04-16 01:23:58,858 - __main__ - INFO - 
+-+-+-+-+-+-+Renaming Column ends 

2021-04-16 01:23:58,984 - __main__ - INFO - Input Dataframe size in memory : 18134.41796875 kB
2021-04-16 01:23:58,984 - __main__ - INFO - MISSING DATA has been processed as per float TYPE
2021-04-16 01:23:59,100 - __main__ - INFO - Input Dataframe size in memory : 17462.154296875 kB
2021-04-16 01:23:59,101 - __main__ - INFO - MISSING DATA has been processed as per float TYPE
2021-04-16 01:23:59,197 - __main__ - INFO - Input Dataframe size in memory : 17145.115234375 kB
2021-04-16 01:23:59,198 - __main__ - INFO - MISSING DATA has been processed as per float TYPE
2021-04-16 01:23:59,199 - __main__ - INFO - Generating Staging Output
2021-04-16 01:23:59,214 - __main__ - INFO - Processing  sales types
2021-04-16 01:24:00,237 - __main__ - INFO - sales types processed
2021-04-16 01:24:00,240 - __main__ - INFO - Processing reporting date
2021-04-16 01:24:00,240 - __main__ - INFO - reporting date : 2018-01-01
2021-04-16 01:24:00,244 - __main__ - INFO - Staging output generated for given data
2021-04-16 01:24:00,276 - __main__ - INFO - 
+-+-+-+-+-+-+Finished Processing PROQUEST-EBRARY-SUB files

2021-04-16 01:24:00,283 - __main__ - INFO - 
+-+-+-+-+-+-+
2021-04-16 01:24:00,283 - __main__ - INFO - APR/SUB/2018-Q1_3856.xlsx
2021-04-16 01:24:00,284 - __main__ - INFO - 
+-+-+-+-+-+-+
2021-04-16 01:24:01,745 - __main__ - INFO - Processing sheet: CRC Press Q1
2021-04-16 01:24:01,746 - __main__ - INFO - 
+-+-+-+-+-+-+Starting Processing PROQUEST-EBRARY-SUB files

2021-04-16 01:24:01,746 - __main__ - INFO - Executing load_data()
2021-04-16 01:24:02,798 - __main__ - INFO - Input Dataframe size in memory : 313.01953125 kB
2021-04-16 01:24:02,799 - __main__ - INFO - Exiting load_data(), Time taken to load : 1.0525579452514648 seconds
2021-04-16 01:24:02,800 - __main__ - INFO - Get the corresponding rules object for PROQUEST-EBRARY-SUB
2021-04-16 01:24:02,805 - __main__ - INFO - 
+-+-+-+-+-+-+Renaming Column Start 

2021-04-16 01:24:02,846 - __main__ - INFO - 
+-+-+-+-+-+-+Renaming Column ends 

2021-04-16 01:24:02,847 - __main__ - INFO - Getting and mapping relevant attributes
2021-04-16 01:24:02,873 - __main__ - INFO - Relevant attributes mapped
2021-04-16 01:24:02,874 - __main__ - INFO - 
+-+-+-+-+-+-+Renaming Column Start 

2021-04-16 01:24:02,909 - __main__ - INFO - 
+-+-+-+-+-+-+Renaming Column ends 

2021-04-16 01:24:02,922 - __main__ - INFO - Input Dataframe size in memory : 552.0693359375 kB
2021-04-16 01:24:02,923 - __main__ - INFO - MISSING DATA has been processed as per float TYPE
2021-04-16 01:24:02,933 - __main__ - INFO - Input Dataframe size in memory : 531.5 kB
2021-04-16 01:24:02,934 - __main__ - INFO - MISSING DATA has been processed as per float TYPE
2021-04-16 01:24:02,943 - __main__ - INFO - Input Dataframe size in memory : 521.7890625 kB
2021-04-16 01:24:02,944 - __main__ - INFO - MISSING DATA has been processed as per float TYPE
2021-04-16 01:24:02,944 - __main__ - INFO - Generating Staging Output
2021-04-16 01:24:02,948 - __main__ - INFO - Processing  sales types
2021-04-16 01:24:02,973 - __main__ - INFO - sales types processed
2021-04-16 01:24:02,975 - __main__ - INFO - Processing reporting date
2021-04-16 01:24:02,976 - __main__ - INFO - reporting date : 2018-01-01
2021-04-16 01:24:02,979 - __main__ - INFO - Staging output generated for given data
2021-04-16 01:24:03,018 - __main__ - INFO - 
+-+-+-+-+-+-+Finished Processing PROQUEST-EBRARY-SUB files

2021-04-16 01:24:03,022 - __main__ - INFO - 
+-+-+-+-+-+-+
2021-04-16 01:24:03,023 - __main__ - INFO - JUL/SUB/2018-Q2_133.xlsx
2021-04-16 01:24:03,023 - __main__ - INFO - 
+-+-+-+-+-+-+
2021-04-16 01:24:14,729 - __main__ - INFO - Processing sheet: Taylor & Francis Q2
2021-04-16 01:24:14,729 - __main__ - INFO - 
+-+-+-+-+-+-+Starting Processing PROQUEST-EBRARY-SUB files

2021-04-16 01:24:14,730 - __main__ - INFO - Executing load_data()
2021-04-16 01:24:30,182 - __main__ - INFO - Input Dataframe size in memory : 12284.224609375 kB
2021-04-16 01:24:30,182 - __main__ - INFO - Exiting load_data(), Time taken to load : 15.452072143554688 seconds
2021-04-16 01:24:30,183 - __main__ - INFO - Get the corresponding rules object for PROQUEST-EBRARY-SUB
2021-04-16 01:24:30,188 - __main__ - INFO - 
+-+-+-+-+-+-+Renaming Column Start 

2021-04-16 01:24:30,233 - __main__ - INFO - 
+-+-+-+-+-+-+Renaming Column ends 

2021-04-16 01:24:30,234 - __main__ - INFO - Getting and mapping relevant attributes
2021-04-16 01:24:30,263 - __main__ - INFO - Relevant attributes mapped
2021-04-16 01:24:30,264 - __main__ - INFO - 
+-+-+-+-+-+-+Renaming Column Start 

2021-04-16 01:24:30,313 - __main__ - INFO - 
+-+-+-+-+-+-+Renaming Column ends 

2021-04-16 01:24:30,433 - __main__ - INFO - Input Dataframe size in memory : 18079.640625 kB
2021-04-16 01:24:30,434 - __main__ - INFO - MISSING DATA has been processed as per float TYPE
2021-04-16 01:24:30,499 - __main__ - INFO - Input Dataframe size in memory : 17408.8212890625 kB
2021-04-16 01:24:30,500 - __main__ - INFO - MISSING DATA has been processed as per float TYPE
2021-04-16 01:24:30,578 - __main__ - INFO - Input Dataframe size in memory : 17092.6923828125 kB
2021-04-16 01:24:30,578 - __main__ - INFO - MISSING DATA has been processed as per float TYPE
2021-04-16 01:24:30,579 - __main__ - INFO - Generating Staging Output
2021-04-16 01:24:30,588 - __main__ - INFO - Processing  sales types
2021-04-16 01:24:31,636 - __main__ - INFO - sales types processed
2021-04-16 01:24:31,638 - __main__ - INFO - Processing reporting date
2021-04-16 01:24:31,638 - __main__ - INFO - reporting date : 2018-04-01
2021-04-16 01:24:31,640 - __main__ - INFO - Staging output generated for given data
2021-04-16 01:24:31,691 - __main__ - INFO - 
+-+-+-+-+-+-+Finished Processing PROQUEST-EBRARY-SUB files

2021-04-16 01:24:31,698 - __main__ - INFO - 
+-+-+-+-+-+-+
2021-04-16 01:24:31,698 - __main__ - INFO - JUL/SUB/2018-Q2_3856.xlsx
2021-04-16 01:24:31,698 - __main__ - INFO - 
+-+-+-+-+-+-+
2021-04-16 01:24:32,999 - __main__ - INFO - Processing sheet: CRC Press Q2
2021-04-16 01:24:32,999 - __main__ - INFO - 
+-+-+-+-+-+-+Starting Processing PROQUEST-EBRARY-SUB files

2021-04-16 01:24:33,000 - __main__ - INFO - Executing load_data()
2021-04-16 01:24:33,891 - __main__ - INFO - Input Dataframe size in memory : 311.8232421875 kB
2021-04-16 01:24:33,892 - __main__ - INFO - Exiting load_data(), Time taken to load : 0.8923978805541992 seconds
2021-04-16 01:24:33,892 - __main__ - INFO - Get the corresponding rules object for PROQUEST-EBRARY-SUB
2021-04-16 01:24:33,897 - __main__ - INFO - 
+-+-+-+-+-+-+Renaming Column Start 

2021-04-16 01:24:33,935 - __main__ - INFO - 
+-+-+-+-+-+-+Renaming Column ends 

2021-04-16 01:24:33,935 - __main__ - INFO - Getting and mapping relevant attributes
2021-04-16 01:24:33,962 - __main__ - INFO - Relevant attributes mapped
2021-04-16 01:24:33,962 - __main__ - INFO - 
+-+-+-+-+-+-+Renaming Column Start 

2021-04-16 01:24:34,008 - __main__ - INFO - 
+-+-+-+-+-+-+Renaming Column ends 

2021-04-16 01:24:34,031 - __main__ - INFO - Input Dataframe size in memory : 549.4658203125 kB
2021-04-16 01:24:34,032 - __main__ - INFO - MISSING DATA has been processed as per float TYPE
2021-04-16 01:24:34,049 - __main__ - INFO - Input Dataframe size in memory : 528.99609375 kB
2021-04-16 01:24:34,049 - __main__ - INFO - MISSING DATA has been processed as per float TYPE
2021-04-16 01:24:34,061 - __main__ - INFO - Input Dataframe size in memory : 519.34375 kB
2021-04-16 01:24:34,061 - __main__ - INFO - MISSING DATA has been processed as per float TYPE
2021-04-16 01:24:34,062 - __main__ - INFO - Generating Staging Output
2021-04-16 01:24:34,066 - __main__ - INFO - Processing  sales types
2021-04-16 01:24:34,097 - __main__ - INFO - sales types processed
2021-04-16 01:24:34,099 - __main__ - INFO - Processing reporting date
2021-04-16 01:24:34,099 - __main__ - INFO - reporting date : 2018-04-01
2021-04-16 01:24:34,102 - __main__ - INFO - Staging output generated for given data
2021-04-16 01:24:34,156 - __main__ - INFO - 
+-+-+-+-+-+-+Finished Processing PROQUEST-EBRARY-SUB files

2021-04-16 01:24:34,161 - __main__ - INFO - 
+-+-+-+-+-+-+
2021-04-16 01:24:34,161 - __main__ - INFO - OCT/SUB/2018-Q3_133.xlsx
2021-04-16 01:24:34,162 - __main__ - INFO - 
+-+-+-+-+-+-+
2021-04-16 01:24:48,164 - __main__ - INFO - Processing sheet: Taylor & Francis Q3
2021-04-16 01:24:48,164 - __main__ - INFO - 
+-+-+-+-+-+-+Starting Processing PROQUEST-EBRARY-SUB files

2021-04-16 01:24:48,165 - __main__ - INFO - Executing load_data()
2021-04-16 01:25:05,655 - __main__ - INFO - Input Dataframe size in memory : 12248.630859375 kB
2021-04-16 01:25:05,656 - __main__ - INFO - Exiting load_data(), Time taken to load : 17.489628314971924 seconds
2021-04-16 01:25:05,656 - __main__ - INFO - Get the corresponding rules object for PROQUEST-EBRARY-SUB
2021-04-16 01:25:05,661 - __main__ - INFO - 
+-+-+-+-+-+-+Renaming Column Start 

2021-04-16 01:25:05,701 - __main__ - INFO - 
+-+-+-+-+-+-+Renaming Column ends 

2021-04-16 01:25:05,701 - __main__ - INFO - Getting and mapping relevant attributes
2021-04-16 01:25:05,722 - __main__ - INFO - Relevant attributes mapped
2021-04-16 01:25:05,722 - __main__ - INFO - 
+-+-+-+-+-+-+Renaming Column Start 

2021-04-16 01:25:05,774 - __main__ - INFO - 
+-+-+-+-+-+-+Renaming Column ends 

2021-04-16 01:25:05,899 - __main__ - INFO - Input Dataframe size in memory : 18064.5205078125 kB
2021-04-16 01:25:05,899 - __main__ - INFO - MISSING DATA has been processed as per float TYPE
2021-04-16 01:25:06,016 - __main__ - INFO - Input Dataframe size in memory : 17394.0 kB
2021-04-16 01:25:06,016 - __main__ - INFO - MISSING DATA has been processed as per float TYPE
2021-04-16 01:25:06,086 - __main__ - INFO - Input Dataframe size in memory : 17077.76953125 kB
2021-04-16 01:25:06,087 - __main__ - INFO - MISSING DATA has been processed as per float TYPE
2021-04-16 01:25:06,087 - __main__ - INFO - Generating Staging Output
2021-04-16 01:25:06,091 - __main__ - INFO - Processing  sales types
2021-04-16 01:25:07,087 - __main__ - INFO - sales types processed
2021-04-16 01:25:07,089 - __main__ - INFO - Processing reporting date
2021-04-16 01:25:07,090 - __main__ - INFO - reporting date : 2018-07-01
2021-04-16 01:25:07,094 - __main__ - INFO - Staging output generated for given data
2021-04-16 01:25:07,191 - __main__ - INFO - 
+-+-+-+-+-+-+Finished Processing PROQUEST-EBRARY-SUB files

2021-04-16 01:25:07,201 - __main__ - INFO - 
+-+-+-+-+-+-+
2021-04-16 01:25:07,201 - __main__ - INFO - OCT/SUB/2018-Q3_3856.xlsx
2021-04-16 01:25:07,202 - __main__ - INFO - 
+-+-+-+-+-+-+
2021-04-16 01:25:08,866 - __main__ - INFO - Processing sheet: CRC Press Q3
2021-04-16 01:25:08,867 - __main__ - INFO - 
+-+-+-+-+-+-+Starting Processing PROQUEST-EBRARY-SUB files

2021-04-16 01:25:08,867 - __main__ - INFO - Executing load_data()
2021-04-16 01:25:09,646 - __main__ - INFO - Input Dataframe size in memory : 312.26953125 kB
2021-04-16 01:25:09,647 - __main__ - INFO - Exiting load_data(), Time taken to load : 0.7802877426147461 seconds
2021-04-16 01:25:09,647 - __main__ - INFO - Get the corresponding rules object for PROQUEST-EBRARY-SUB
2021-04-16 01:25:09,649 - __main__ - INFO - 
+-+-+-+-+-+-+Renaming Column Start 

2021-04-16 01:25:09,668 - __main__ - INFO - 
+-+-+-+-+-+-+Renaming Column ends 

2021-04-16 01:25:09,669 - __main__ - INFO - Getting and mapping relevant attributes
2021-04-16 01:25:09,681 - __main__ - INFO - Relevant attributes mapped
2021-04-16 01:25:09,681 - __main__ - INFO - 
+-+-+-+-+-+-+Renaming Column Start 

2021-04-16 01:25:09,707 - __main__ - INFO - 
+-+-+-+-+-+-+Renaming Column ends 

2021-04-16 01:25:09,727 - __main__ - INFO - Input Dataframe size in memory : 549.984375 kB
2021-04-16 01:25:09,727 - __main__ - INFO - MISSING DATA has been processed as per float TYPE
2021-04-16 01:25:09,745 - __main__ - INFO - Input Dataframe size in memory : 529.5146484375 kB
2021-04-16 01:25:09,746 - __main__ - INFO - MISSING DATA has been processed as per float TYPE
2021-04-16 01:25:09,763 - __main__ - INFO - Input Dataframe size in memory : 519.8701171875 kB
2021-04-16 01:25:09,764 - __main__ - INFO - MISSING DATA has been processed as per float TYPE
2021-04-16 01:25:09,764 - __main__ - INFO - Generating Staging Output
2021-04-16 01:25:09,772 - __main__ - INFO - Processing  sales types
2021-04-16 01:25:09,816 - __main__ - INFO - sales types processed
2021-04-16 01:25:09,820 - __main__ - INFO - Processing reporting date
2021-04-16 01:25:09,820 - __main__ - INFO - reporting date : 2018-07-01
2021-04-16 01:25:09,824 - __main__ - INFO - Staging output generated for given data
2021-04-16 01:25:09,945 - __main__ - INFO - 
+-+-+-+-+-+-+Finished Processing PROQUEST-EBRARY-SUB files

2021-04-16 01:25:58,865 - __main__ - INFO - Grouping staging data
2021-04-16 01:43:12,034 - __main__ - INFO - ######################################
2021-04-16 01:43:12,036 - __main__ - INFO -              INITIALISING             
2021-04-16 01:43:12,036 - __main__ - INFO - ######################################
2021-04-16 01:43:16,491 - __main__ - INFO - 
+-+-+-+-+-+-+Starting PQCentral files Processing

2021-04-16 01:43:16,491 - __main__ - INFO - Getting list of files from given S3 location
2021-04-16 01:43:19,701 - __main__ - INFO - 
+-+-+-+-+-+-+
2021-04-16 01:43:19,702 - __main__ - INFO - OCT/SUB/2018-Q3_3856.xlsx
2021-04-16 01:43:19,702 - __main__ - INFO - 
+-+-+-+-+-+-+
2021-04-16 01:43:25,443 - __main__ - INFO - Processing sheet: CRC Press Q3
2021-04-16 01:43:25,444 - __main__ - INFO - 
+-+-+-+-+-+-+Starting Processing PROQUEST-EBRARY-SUB files

2021-04-16 01:43:25,444 - __main__ - INFO - Executing load_data()
2021-04-16 01:43:26,481 - __main__ - INFO - Input Dataframe size in memory : 312.26953125 kB
2021-04-16 01:43:26,482 - __main__ - INFO - Exiting load_data(), Time taken to load : 1.037973403930664 seconds
2021-04-16 01:43:26,483 - __main__ - INFO - Get the corresponding rules object for PROQUEST-EBRARY-SUB
2021-04-16 01:43:26,488 - __main__ - INFO - 
+-+-+-+-+-+-+Renaming Column Start 

2021-04-16 01:43:26,548 - __main__ - INFO - 
+-+-+-+-+-+-+Renaming Column ends 

2021-04-16 01:43:26,548 - __main__ - INFO - Getting and mapping relevant attributes
2021-04-16 01:43:26,577 - __main__ - INFO - Relevant attributes mapped
2021-04-16 01:43:26,578 - __main__ - INFO - 
+-+-+-+-+-+-+Renaming Column Start 

2021-04-16 01:43:26,637 - __main__ - INFO - 
+-+-+-+-+-+-+Renaming Column ends 

2021-04-16 01:43:26,664 - __main__ - INFO - Input Dataframe size in memory : 668.3876953125 kB
2021-04-16 01:43:26,665 - __main__ - INFO - MISSING DATA has been processed as per float TYPE
2021-04-16 01:43:26,689 - __main__ - INFO - Input Dataframe size in memory : 647.91796875 kB
2021-04-16 01:43:26,690 - __main__ - INFO - MISSING DATA has been processed as per float TYPE
2021-04-16 01:43:26,714 - __main__ - INFO - Input Dataframe size in memory : 638.2734375 kB
2021-04-16 01:43:26,715 - __main__ - INFO - MISSING DATA has been processed as per float TYPE
2021-04-16 01:43:26,715 - __main__ - INFO - Generating Staging Output
2021-04-16 01:43:26,724 - __main__ - INFO - Processing  sales types
2021-04-16 01:43:26,787 - __main__ - INFO - sales types processed
2021-04-16 01:43:26,792 - __main__ - INFO - Processing reporting date
2021-04-16 01:43:26,792 - __main__ - INFO - reporting date : 2018-07-01
2021-04-16 01:43:26,798 - __main__ - INFO - Staging output generated for given data
2021-04-16 01:43:26,814 - __main__ - INFO - 
+-+-+-+-+-+-+Finished Processing PROQUEST-EBRARY-SUB files

2021-04-16 01:43:39,270 - __main__ - INFO - Grouping staging data
2021-04-16 01:43:39,279 - __main__ - INFO - Staging data grouped
2021-04-16 01:45:12,323 - __main__ - INFO - 
+-+-+-+-+-+-+*
2021-04-16 01:45:13,137 - __main__ - INFO - Storing the master model data output at the given S3 location
2021-04-16 01:45:13,889 - __main__ - INFO - 
+-+-+-+-+-+-+**
2021-04-16 01:47:28,831 - __main__ - INFO - ######################################
2021-04-16 01:47:28,832 - __main__ - INFO -              INITIALISING             
2021-04-16 01:47:28,833 - __main__ - INFO - ######################################
2021-04-16 01:47:33,065 - __main__ - INFO - 
+-+-+-+-+-+-+Starting PQCentral files Processing

2021-04-16 01:47:33,065 - __main__ - INFO - Getting list of files from given S3 location
2021-04-16 01:47:35,466 - __main__ - INFO - 
+-+-+-+-+-+-+
2021-04-16 01:47:35,467 - __main__ - INFO - OCT/SUB/2018-Q3_3856.xlsx
2021-04-16 01:47:35,467 - __main__ - INFO - 
+-+-+-+-+-+-+
2021-04-16 01:47:40,969 - __main__ - INFO - Processing sheet: CRC Press Q3
2021-04-16 01:47:40,969 - __main__ - INFO - 
+-+-+-+-+-+-+Starting Processing PROQUEST-EBRARY-SUB files

2021-04-16 01:47:40,970 - __main__ - INFO - Executing load_data()
2021-04-16 01:47:41,817 - __main__ - INFO - Input Dataframe size in memory : 312.26953125 kB
2021-04-16 01:47:41,817 - __main__ - INFO - Exiting load_data(), Time taken to load : 0.8472881317138672 seconds
2021-04-16 01:47:41,818 - __main__ - INFO - Get the corresponding rules object for PROQUEST-EBRARY-SUB
2021-04-16 01:47:41,820 - __main__ - INFO - 
+-+-+-+-+-+-+Renaming Column Start 

2021-04-16 01:47:41,846 - __main__ - INFO - 
+-+-+-+-+-+-+Renaming Column ends 

2021-04-16 01:47:41,847 - __main__ - INFO - Getting and mapping relevant attributes
2021-04-16 01:47:41,860 - __main__ - INFO - Relevant attributes mapped
2021-04-16 01:47:41,860 - __main__ - INFO - 
+-+-+-+-+-+-+Renaming Column Start 

2021-04-16 01:47:41,887 - __main__ - INFO - 
+-+-+-+-+-+-+Renaming Column ends 

2021-04-16 01:47:41,902 - __main__ - INFO - Input Dataframe size in memory : 668.3876953125 kB
2021-04-16 01:47:41,902 - __main__ - INFO - MISSING DATA has been processed as per float TYPE
2021-04-16 01:47:41,919 - __main__ - INFO - Input Dataframe size in memory : 647.91796875 kB
2021-04-16 01:47:41,920 - __main__ - INFO - MISSING DATA has been processed as per float TYPE
2021-04-16 01:47:41,938 - __main__ - INFO - Input Dataframe size in memory : 638.2734375 kB
2021-04-16 01:47:41,938 - __main__ - INFO - MISSING DATA has been processed as per float TYPE
2021-04-16 01:47:41,939 - __main__ - INFO - Generating Staging Output
2021-04-16 01:47:41,946 - __main__ - INFO - Processing  sales types
2021-04-16 01:47:41,996 - __main__ - INFO - sales types processed
2021-04-16 01:47:41,999 - __main__ - INFO - Processing reporting date
2021-04-16 01:47:42,000 - __main__ - INFO - reporting date : 2018-07-01
2021-04-16 01:47:42,004 - __main__ - INFO - Staging output generated for given data
2021-04-16 01:47:42,019 - __main__ - INFO - 
+-+-+-+-+-+-+Finished Processing PROQUEST-EBRARY-SUB files

2021-04-16 01:47:58,593 - __main__ - INFO - Grouping staging data
2021-04-16 01:47:58,601 - __main__ - INFO - Staging data grouped
2021-04-16 01:48:15,682 - __main__ - INFO - 
+-+-+-+-+-+-+*
2021-04-16 01:48:16,465 - __main__ - INFO - Storing the master model data output at the given S3 location
2021-04-16 01:48:17,359 - __main__ - INFO - 
+-+-+-+-+-+-+**
2021-04-16 01:53:33,086 - __main__ - INFO - ######################################
2021-04-16 01:53:33,088 - __main__ - INFO -              INITIALISING             
2021-04-16 01:53:33,089 - __main__ - INFO - ######################################
2021-04-16 01:53:37,447 - __main__ - INFO - 
+-+-+-+-+-+-+Starting PQCentral files Processing

2021-04-16 01:53:37,448 - __main__ - INFO - Getting list of files from given S3 location
2021-04-16 01:53:39,652 - __main__ - INFO - 
+-+-+-+-+-+-+
2021-04-16 01:53:39,653 - __main__ - INFO - OCT/SUB/2018-Q3_3856.xlsx
2021-04-16 01:53:39,653 - __main__ - INFO - 
+-+-+-+-+-+-+
2021-04-16 01:53:45,398 - __main__ - INFO - Processing sheet: CRC Press Q3
2021-04-16 01:53:45,399 - __main__ - INFO - 
+-+-+-+-+-+-+Starting Processing PROQUEST-EBRARY-SUB files

2021-04-16 01:53:45,399 - __main__ - INFO - Executing load_data()
2021-04-16 01:53:46,304 - __main__ - INFO - Input Dataframe size in memory : 312.26953125 kB
2021-04-16 01:53:46,305 - __main__ - INFO - Exiting load_data(), Time taken to load : 0.9050467014312744 seconds
2021-04-16 01:53:46,305 - __main__ - INFO - Get the corresponding rules object for PROQUEST-EBRARY-SUB
2021-04-16 01:53:46,308 - __main__ - INFO - 
+-+-+-+-+-+-+Renaming Column Start 

2021-04-16 01:53:46,334 - __main__ - INFO - 
+-+-+-+-+-+-+Renaming Column ends 

2021-04-16 01:53:46,334 - __main__ - INFO - Getting and mapping relevant attributes
2021-04-16 01:53:46,347 - __main__ - INFO - Relevant attributes mapped
2021-04-16 01:53:46,348 - __main__ - INFO - 
+-+-+-+-+-+-+Renaming Column Start 

2021-04-16 01:53:46,375 - __main__ - INFO - 
+-+-+-+-+-+-+Renaming Column ends 

2021-04-16 01:53:46,388 - __main__ - INFO - Input Dataframe size in memory : 668.3876953125 kB
2021-04-16 01:53:46,388 - __main__ - INFO - MISSING DATA has been processed as per float TYPE
2021-04-16 01:53:46,400 - __main__ - INFO - Input Dataframe size in memory : 647.91796875 kB
2021-04-16 01:53:46,400 - __main__ - INFO - MISSING DATA has been processed as per float TYPE
2021-04-16 01:53:46,412 - __main__ - INFO - Input Dataframe size in memory : 638.2734375 kB
2021-04-16 01:53:46,412 - __main__ - INFO - MISSING DATA has been processed as per float TYPE
2021-04-16 01:53:46,412 - __main__ - INFO - Generating Staging Output
2021-04-16 01:53:46,416 - __main__ - INFO - Processing  sales types
2021-04-16 01:53:46,444 - __main__ - INFO - sales types processed
2021-04-16 01:53:46,445 - __main__ - INFO - Processing reporting date
2021-04-16 01:53:46,445 - __main__ - INFO - reporting date : 2018-07-01
2021-04-16 01:53:46,448 - __main__ - INFO - Staging output generated for given data
2021-04-16 01:53:46,454 - __main__ - INFO - 
+-+-+-+-+-+-+Finished Processing PROQUEST-EBRARY-SUB files

2021-04-16 01:53:46,454 - __main__ - INFO - Grouping staging data
2021-04-16 01:53:46,458 - __main__ - INFO - Staging data grouped
2021-04-16 01:53:54,826 - __main__ - INFO - 
+-+-+-+-+-+-+*
2021-04-16 01:53:55,487 - __main__ - INFO - Storing the master model data output at the given S3 location
2021-04-16 01:53:56,114 - __main__ - INFO - 
+-+-+-+-+-+-+**
